<?xml version="1.0" encoding="UTF-8"?>
<!-- Generated by org.testng.reporters.JUnitXMLReporter -->
<testsuite ignored="0" hostname="PAPA" failures="0" tests="4" name="Test Runner 3" time="0.163" errors="0" timestamp="2023-08-11T09:50:39 IST">
  <testcase classname="batchexecution.Test6" name="demo1" time="0.018"/>
  <testcase classname="batchexecution.Test6" name="demo2" time="0.004"/>
  <testcase classname="batchexecution.Test5" name="demo1" time="0.002"/>
  <testcase classname="batchexecution.Test5" name="demo2" time="0.01"/>
</testsuite> <!-- Test Runner 3 -->
