<?xml version="1.0" encoding="UTF-8"?>
<!-- Generated by org.testng.reporters.JUnitXMLReporter -->
<testsuite ignored="0" hostname="PAPA" failures="0" tests="4" name="Test Runner3" time="0.281" errors="0" timestamp="2023-08-10T10:10:44 IST">
  <testcase classname="batchexecution.Test6" name="demo1" time="0.027"/>
  <testcase classname="batchexecution.Test6" name="demo2" time="0.008"/>
  <testcase classname="batchexecution.Test5" name="demo1" time="0.003"/>
  <testcase classname="batchexecution.Test5" name="demo2" time="0.003"/>
</testsuite> <!-- Test Runner3 -->
