<?xml version="1.0" encoding="UTF-8"?>
<!-- Generated by org.testng.reporters.JUnitXMLReporter -->
<testsuite ignored="0" hostname="PAPA" failures="0" tests="4" name="Test Runner2" time="0.183" errors="0" timestamp="2023-08-10T10:10:44 IST">
  <testcase classname="batchexecution.Test4" name="demo1" time="0.044"/>
  <testcase classname="batchexecution.Test4" name="demo2" time="0.005"/>
  <testcase classname="batchexecution.Test3" name="demo1" time="0.008"/>
  <testcase classname="batchexecution.Test3" name="demo2" time="0.008"/>
</testsuite> <!-- Test Runner2 -->
