<?xml version="1.0" encoding="UTF-8"?>
<!-- Generated by org.testng.reporters.JUnitXMLReporter -->
<testsuite ignored="0" hostname="PAPA" failures="0" tests="4" name="Test Runner1" time="0.207" errors="0" timestamp="2023-08-10T10:10:44 IST">
  <testcase classname="batchexecution.Test2" name="demo1" time="0.025"/>
  <testcase classname="batchexecution.Test2" name="demo2" time="0.003"/>
  <testcase classname="batchexecution.Test1" name="demo1" time="0.002"/>
  <testcase classname="batchexecution.Test1" name="demo2" time="0.005"/>
</testsuite> <!-- Test Runner1 -->
