<?xml version="1.0" encoding="UTF-8"?>
<testng-results ignored="0" total="1" passed="1" failed="0" skipped="0">
  <reporter-output>
  </reporter-output>
  <suite started-at="2023-08-25T21:57:52 IST" name="Default suite" finished-at="2023-08-25T21:58:30 IST" duration-ms="38413">
    <groups>
    </groups>
    <test started-at="2023-08-25T21:57:52 IST" name="Default test" finished-at="2023-08-25T21:58:30 IST" duration-ms="38413">
      <class name="vtigerFinalScripts.CreateOrgwithTypeAndIndustry">
        <test-method is-config="true" signature="classSetup()[pri:0, instance:vtigerFinalScripts.CreateOrgwithTypeAndIndustry@2767e23c]" started-at="2023-08-25T21:57:52 IST" name="classSetup" finished-at="2023-08-25T21:57:56 IST" duration-ms="3722" status="PASS">
          <reporter-output>
          </reporter-output>
        </test-method> <!-- classSetup -->
        <test-method is-config="true" signature="methodSetup()[pri:0, instance:vtigerFinalScripts.CreateOrgwithTypeAndIndustry@2767e23c]" started-at="2023-08-25T21:57:56 IST" name="methodSetup" finished-at="2023-08-25T21:58:07 IST" duration-ms="11398" status="PASS">
          <reporter-output>
          </reporter-output>
        </test-method> <!-- methodSetup -->
        <test-method signature="CreateOrgwithIndustryAndTypeTest()[pri:0, instance:vtigerFinalScripts.CreateOrgwithTypeAndIndustry@2767e23c]" started-at="2023-08-25T21:58:07 IST" name="CreateOrgwithIndustryAndTypeTest" finished-at="2023-08-25T21:58:30 IST" duration-ms="22541" status="PASS">
          <reporter-output>
          </reporter-output>
        </test-method> <!-- CreateOrgwithIndustryAndTypeTest -->
        <test-method is-config="true" signature="methodTearDown()[pri:0, instance:vtigerFinalScripts.CreateOrgwithTypeAndIndustry@2767e23c]" started-at="2023-08-25T21:58:30 IST" name="methodTearDown" finished-at="2023-08-25T21:58:30 IST" duration-ms="162" status="PASS">
          <reporter-output>
          </reporter-output>
        </test-method> <!-- methodTearDown -->
        <test-method is-config="true" signature="classYearDown()[pri:0, instance:vtigerFinalScripts.CreateOrgwithTypeAndIndustry@2767e23c]" started-at="2023-08-25T21:58:30 IST" name="classYearDown" finished-at="2023-08-25T21:58:30 IST" duration-ms="505" status="PASS">
          <reporter-output>
          </reporter-output>
        </test-method> <!-- classYearDown -->
      </class> <!-- vtigerFinalScripts.CreateOrgwithTypeAndIndustry -->
    </test> <!-- Default test -->
  </suite> <!-- Default suite -->
</testng-results>
